# JRE version: Java(TM) SE Runtime Environment (8.0_112-b15) (build 1.8.0_112-b15)
# Java VM: Java HotSpot(TM) 64-Bit Server VM (25.112-b15 mixed mode linux-amd64 compressed oops)
Heap:
 PSYoungGen      total 714752K, used 49647K [0x000000076ab00000, 0x00000007a7f80000, 0x00000007c0000000)
  eden space 592896K, 0% used [0x000000076ab00000,0x000000076ab00000,0x000000078ee00000)
  from space 121856K, 40% used [0x000000078ee00000,0x0000000791e7bff8,0x0000000796500000)
  to   space 131584K, 0% used [0x000000079ff00000,0x000000079ff00000,0x00000007a7f80000)
 ParOldGen       total 276992K, used 276603K [0x00000006c0000000, 0x00000006d0e80000, 0x000000076ab00000)
  object space 276992K, 99% used [0x00000006c0000000,0x00000006d0e1eda8,0x00000006d0e80000)
 Metaspace       used 6546K, capacity 7320K, committed 7680K, reserved 1056768K
  class space    used 623K, capacity 656K, committed 768K, reserved 1048576K
GC Heap History (10 events):
Event: 6.110 GC heap after
Heap after GC invocations=9 (full 1):
 PSYoungGen      total 532992K, used 31613K [0x000000076ab00000, 0x0000000791300000, 0x00000007c0000000)
  eden space 482816K, 0% used [0x000000076ab00000,0x000000076ab00000,0x0000000788280000)
  from space 50176K, 63% used [0x000000078c300000,0x000000078e1df7e0,0x000000078f400000)
  to   space 66048K, 0% used [0x0000000788280000,0x0000000788280000,0x000000078c300000)
 ParOldGen       total 159744K, used 84819K [0x00000006c0000000, 0x00000006c9c00000, 0x000000076ab00000)
  object space 159744K, 53% used [0x00000006c0000000,0x00000006c52d4d00,0x00000006c9c00000)
 Metaspace       used 6487K, capacity 7320K, committed 7680K, reserved 1056768K
  class space    used 621K, capacity 656K, committed 768K, reserved 1048576K
}
Event: 8.026 GC heap before
{Heap before GC invocations=10 (full 1):
 PSYoungGen      total 532992K, used 514429K [0x000000076ab00000, 0x0000000791300000, 0x00000007c0000000)
  eden space 482816K, 100% used [0x000000076ab00000,0x0000000788280000,0x0000000788280000)
  from space 50176K, 63% used [0x000000078c300000,0x000000078e1df7e0,0x000000078f400000)
  to   space 66048K, 0% used [0x0000000788280000,0x0000000788280000,0x000000078c300000)
 ParOldGen       total 159744K, used 84819K [0x00000006c0000000, 0x00000006c9c00000, 0x000000076ab00000)
  object space 159744K, 53% used [0x00000006c0000000,0x00000006c52d4d00,0x00000006c9c00000)
 Metaspace       used 6523K, capacity 7320K, committed 7680K, reserved 1056768K
  class space    used 622K, capacity 656K, committed 768K, reserved 1048576K
Event: 8.275 GC heap after
Heap after GC invocations=10 (full 1):
 PSYoungGen      total 548864K, used 66024K [0x000000076ab00000, 0x000000079c000000, 0x00000007c0000000)
  eden space 482816K, 0% used [0x000000076ab00000,0x000000076ab00000,0x0000000788280000)
  from space 66048K, 99% used [0x0000000788280000,0x000000078c2fa2c0,0x000000078c300000)
  to   space 93184K, 0% used [0x0000000796500000,0x0000000796500000,0x000000079c000000)
 ParOldGen       total 159744K, used 121969K [0x00000006c0000000, 0x00000006c9c00000, 0x000000076ab00000)
  object space 159744K, 76% used [0x00000006c0000000,0x00000006c771c4f0,0x00000006c9c00000)
 Metaspace       used 6523K, capacity 7320K, committed 7680K, reserved 1056768K
  class space    used 622K, capacity 656K, committed 768K, reserved 1048576K
}
Event: 9.627 GC heap before
{Heap before GC invocations=11 (full 1):
 PSYoungGen      total 548864K, used 548840K [0x000000076ab00000, 0x000000079c000000, 0x00000007c0000000)
  eden space 482816K, 100% used [0x000000076ab00000,0x0000000788280000,0x0000000788280000)
  from space 66048K, 99% used [0x0000000788280000,0x000000078c2fa2c0,0x000000078c300000)
  to   space 93184K, 0% used [0x0000000796500000,0x0000000796500000,0x000000079c000000)
 ParOldGen       total 159744K, used 121969K [0x00000006c0000000, 0x00000006c9c00000, 0x000000076ab00000)
  object space 159744K, 76% used [0x00000006c0000000,0x00000006c771c4f0,0x00000006c9c00000)
 Metaspace       used 6538K, capacity 7320K, committed 7680K, reserved 1056768K
  class space    used 622K, capacity 656K, committed 768K, reserved 1048576K
Event: 9.970 GC heap after
Heap after GC invocations=11 (full 1):
 PSYoungGen      total 686080K, used 93169K [0x000000076ab00000, 0x00000007a0880000, 0x00000007c0000000)
  eden space 592896K, 0% used [0x000000076ab00000,0x000000076ab00000,0x000000078ee00000)
  from space 93184K, 99% used [0x0000000796500000,0x000000079bffc4f8,0x000000079c000000)
  to   space 121856K, 0% used [0x000000078ee00000,0x000000078ee00000,0x0000000796500000)
 ParOldGen       total 159744K, used 154693K [0x00000006c0000000, 0x00000006c9c00000, 0x000000076ab00000)
  object space 159744K, 96% used [0x00000006c0000000,0x00000006c9711468,0x00000006c9c00000)
 Metaspace       used 6538K, capacity 7320K, committed 7680K, reserved 1056768K
  class space    used 622K, capacity 656K, committed 768K, reserved 1048576K
}
Event: 9.970 GC heap before
{Heap before GC invocations=12 (full 2):
 PSYoungGen      total 686080K, used 93169K [0x000000076ab00000, 0x00000007a0880000, 0x00000007c0000000)
  eden space 592896K, 0% used [0x000000076ab00000,0x000000076ab00000,0x000000078ee00000)
  from space 93184K, 99% used [0x0000000796500000,0x000000079bffc4f8,0x000000079c000000)
  to   space 121856K, 0% used [0x000000078ee00000,0x000000078ee00000,0x0000000796500000)
 ParOldGen       total 159744K, used 154693K [0x00000006c0000000, 0x00000006c9c00000, 0x000000076ab00000)
  object space 159744K, 96% used [0x00000006c0000000,0x00000006c9711468,0x00000006c9c00000)
 Metaspace       used 6538K, capacity 7320K, committed 7680K, reserved 1056768K
  class space    used 622K, capacity 656K, committed 768K, reserved 1048576K
Event: 11.082 GC heap after
Heap after GC invocations=12 (full 2):
 PSYoungGen      total 686080K, used 80100K [0x000000076ab00000, 0x00000007a0880000, 0x00000007c0000000)
  eden space 592896K, 0% used [0x000000076ab00000,0x000000076ab00000,0x000000078ee00000)
  from space 93184K, 85% used [0x0000000796500000,0x000000079b339100,0x000000079c000000)
  to   space 121856K, 0% used [0x000000078ee00000,0x000000078ee00000,0x0000000796500000)
 ParOldGen       total 276992K, used 159732K [0x00000006c0000000, 0x00000006d0e80000, 0x000000076ab00000)
  object space 276992K, 57% used [0x00000006c0000000,0x00000006c9bfd280,0x00000006d0e80000)
 Metaspace       used 6538K, capacity 7320K, committed 7680K, reserved 1056768K
  class space    used 622K, capacity 656K, committed 768K, reserved 1048576K
}
Event: 13.279 GC heap before
{Heap before GC invocations=13 (full 2):
 PSYoungGen      total 686080K, used 672996K [0x000000076ab00000, 0x00000007a0880000, 0x00000007c0000000)
  eden space 592896K, 100% used [0x000000076ab00000,0x000000078ee00000,0x000000078ee00000)
  from space 93184K, 85% used [0x0000000796500000,0x000000079b339100,0x000000079c000000)
  to   space 121856K, 0% used [0x000000078ee00000,0x000000078ee00000,0x0000000796500000)
 ParOldGen       total 276992K, used 159732K [0x00000006c0000000, 0x00000006d0e80000, 0x000000076ab00000)
  object space 276992K, 57% used [0x00000006c0000000,0x00000006c9bfd280,0x00000006d0e80000)
 Metaspace       used 6546K, capacity 7320K, committed 7680K, reserved 1056768K
  class space    used 623K, capacity 656K, committed 768K, reserved 1048576K
Event: 13.635 GC heap after
Heap after GC invocations=13 (full 2):
 PSYoungGen      total 714752K, used 90496K [0x000000076ab00000, 0x00000007a7f80000, 0x00000007c0000000)
  eden space 592896K, 0% used [0x000000076ab00000,0x000000076ab00000,0x000000078ee00000)
  from space 121856K, 74% used [0x000000078ee00000,0x00000007946601e8,0x0000000796500000)
  to   space 131584K, 0% used [0x000000079ff00000,0x000000079ff00000,0x00000007a7f80000)
 ParOldGen       total 276992K, used 239329K [0x00000006c0000000, 0x00000006d0e80000, 0x000000076ab00000)
  object space 276992K, 86% used [0x00000006c0000000,0x00000006ce9b86b0,0x00000006d0e80000)
 Metaspace       used 6546K, capacity 7320K, committed 7680K, reserved 1056768K
  class space    used 623K, capacity 656K, committed 768K, reserved 1048576K
}
Event: 13.635 GC heap before
{Heap before GC invocations=14 (full 3):
 PSYoungGen      total 714752K, used 90496K [0x000000076ab00000, 0x00000007a7f80000, 0x00000007c0000000)
  eden space 592896K, 0% used [0x000000076ab00000,0x000000076ab00000,0x000000078ee00000)
  from space 121856K, 74% used [0x000000078ee00000,0x00000007946601e8,0x0000000796500000)
  to   space 131584K, 0% used [0x000000079ff00000,0x000000079ff00000,0x00000007a7f80000)
 ParOldGen       total 276992K, used 239329K [0x00000006c0000000, 0x00000006d0e80000, 0x000000076ab00000)
  object space 276992K, 86% used [0x00000006c0000000,0x00000006ce9b86b0,0x00000006d0e80000)
 Metaspace       used 6546K, capacity 7320K, committed 7680K, reserved 1056768K
  class space    used 623K, capacity 656K, committed 768K, reserved 1048576K

