# JRE version: Java(TM) SE Runtime Environment (8.0_112-b15) (build 1.8.0_112-b15)
# Java VM: Java HotSpot(TM) 64-Bit Server VM (25.112-b15 mixed mode linux-amd64 compressed oops)
Heap:
 PSYoungGen      total 536576K, used 76279K [0x000000076ab00000, 0x0000000790180000, 0x00000007c0000000)
  eden space 460288K, 0% used [0x000000076ab00000,0x000000076ab00000,0x0000000786c80000)
  from space 76288K, 99% used [0x000000078b700000,0x000000079017dec0,0x0000000790180000)
  to   space 53760K, 0% used [0x0000000787c00000,0x0000000787c00000,0x000000078b080000)
 ParOldGen       total 161792K, used 151461K [0x00000006c0000000, 0x00000006c9e00000, 0x000000076ab00000)
  object space 161792K, 93% used [0x00000006c0000000,0x00000006c93e9638,0x00000006c9e00000)
 Metaspace       used 6541K, capacity 7320K, committed 7680K, reserved 1056768K
  class space    used 623K, capacity 656K, committed 768K, reserved 1048576K
GC Heap History (10 events):
Event: 4.644 GC heap after
Heap after GC invocations=6 (full 0):
 PSYoungGen      total 274432K, used 23856K [0x000000076ab00000, 0x000000077df00000, 0x00000007c0000000)
  eden space 248832K, 0% used [0x000000076ab00000,0x000000076ab00000,0x0000000779e00000)
  from space 25600K, 93% used [0x000000077bc00000,0x000000077d34c2c0,0x000000077d500000)
  to   space 30720K, 0% used [0x0000000779e00000,0x0000000779e00000,0x000000077bc00000)
 ParOldGen       total 84992K, used 31756K [0x00000006c0000000, 0x00000006c5300000, 0x000000076ab00000)
  object space 84992K, 37% used [0x00000006c0000000,0x00000006c1f032e8,0x00000006c5300000)
 Metaspace       used 6439K, capacity 7256K, committed 7424K, reserved 1056768K
  class space    used 620K, capacity 656K, committed 768K, reserved 1048576K
}
Event: 6.349 GC heap before
{Heap before GC invocations=7 (full 0):
 PSYoungGen      total 274432K, used 272688K [0x000000076ab00000, 0x000000077df00000, 0x00000007c0000000)
  eden space 248832K, 100% used [0x000000076ab00000,0x0000000779e00000,0x0000000779e00000)
  from space 25600K, 93% used [0x000000077bc00000,0x000000077d34c2c0,0x000000077d500000)
  to   space 30720K, 0% used [0x0000000779e00000,0x0000000779e00000,0x000000077bc00000)
 ParOldGen       total 84992K, used 31756K [0x00000006c0000000, 0x00000006c5300000, 0x000000076ab00000)
  object space 84992K, 37% used [0x00000006c0000000,0x00000006c1f032e8,0x00000006c5300000)
 Metaspace       used 6479K, capacity 7320K, committed 7680K, reserved 1056768K
  class space    used 621K, capacity 656K, committed 768K, reserved 1048576K
Event: 6.501 GC heap after
Heap after GC invocations=7 (full 0):
 PSYoungGen      total 279552K, used 30710K [0x000000076ab00000, 0x000000078f400000, 0x00000007c0000000)
  eden space 248832K, 0% used [0x000000076ab00000,0x000000076ab00000,0x0000000779e00000)
  from space 30720K, 99% used [0x0000000779e00000,0x000000077bbfdab0,0x000000077bc00000)
  to   space 50688K, 0% used [0x000000078c280000,0x000000078c280000,0x000000078f400000)
 ParOldGen       total 84992K, used 58178K [0x00000006c0000000, 0x00000006c5300000, 0x000000076ab00000)
  object space 84992K, 68% used [0x00000006c0000000,0x00000006c38d0938,0x00000006c5300000)
 Metaspace       used 6479K, capacity 7320K, committed 7680K, reserved 1056768K
  class space    used 621K, capacity 656K, committed 768K, reserved 1048576K
}
Event: 6.502 GC heap before
{Heap before GC invocations=8 (full 1):
 PSYoungGen      total 279552K, used 30710K [0x000000076ab00000, 0x000000078f400000, 0x00000007c0000000)
  eden space 248832K, 0% used [0x000000076ab00000,0x000000076ab00000,0x0000000779e00000)
  from space 30720K, 99% used [0x0000000779e00000,0x000000077bbfdab0,0x000000077bc00000)
  to   space 50688K, 0% used [0x000000078c280000,0x000000078c280000,0x000000078f400000)
 ParOldGen       total 84992K, used 58178K [0x00000006c0000000, 0x00000006c5300000, 0x000000076ab00000)
  object space 84992K, 68% used [0x00000006c0000000,0x00000006c38d0938,0x00000006c5300000)
 Metaspace       used 6479K, capacity 7320K, committed 7680K, reserved 1056768K
  class space    used 621K, capacity 656K, committed 768K, reserved 1048576K
Event: 7.164 GC heap after
Heap after GC invocations=8 (full 1):
 PSYoungGen      total 279552K, used 1012K [0x000000076ab00000, 0x000000078f400000, 0x00000007c0000000)
  eden space 248832K, 0% used [0x000000076ab00000,0x000000076ab00000,0x0000000779e00000)
  from space 30720K, 3% used [0x0000000779e00000,0x0000000779efd120,0x000000077bc00000)
  to   space 50688K, 0% used [0x000000078c280000,0x000000078c280000,0x000000078f400000)
 ParOldGen       total 161792K, used 84673K [0x00000006c0000000, 0x00000006c9e00000, 0x000000076ab00000)
  object space 161792K, 52% used [0x00000006c0000000,0x00000006c52b0638,0x00000006c9e00000)
 Metaspace       used 6479K, capacity 7320K, committed 7680K, reserved 1056768K
  class space    used 621K, capacity 656K, committed 768K, reserved 1048576K
}
Event: 8.894 GC heap before
{Heap before GC invocations=9 (full 1):
 PSYoungGen      total 279552K, used 249844K [0x000000076ab00000, 0x000000078f400000, 0x00000007c0000000)
  eden space 248832K, 100% used [0x000000076ab00000,0x0000000779e00000,0x0000000779e00000)
  from space 30720K, 3% used [0x0000000779e00000,0x0000000779efd120,0x000000077bc00000)
  to   space 50688K, 0% used [0x000000078c280000,0x000000078c280000,0x000000078f400000)
 ParOldGen       total 161792K, used 84673K [0x00000006c0000000, 0x00000006c9e00000, 0x000000076ab00000)
  object space 161792K, 52% used [0x00000006c0000000,0x00000006c52b0638,0x00000006c9e00000)
 Metaspace       used 6496K, capacity 7320K, committed 7680K, reserved 1056768K
  class space    used 621K, capacity 656K, committed 768K, reserved 1048576K
Event: 9.039 GC heap after
Heap after GC invocations=9 (full 1):
 PSYoungGen      total 391168K, used 35055K [0x000000076ab00000, 0x000000078e500000, 0x00000007c0000000)
  eden space 355840K, 0% used [0x000000076ab00000,0x000000076ab00000,0x0000000780680000)
  from space 35328K, 99% used [0x000000078c280000,0x000000078e4bbdf8,0x000000078e500000)
  to   space 53760K, 0% used [0x0000000787c00000,0x0000000787c00000,0x000000078b080000)
 ParOldGen       total 161792K, used 84673K [0x00000006c0000000, 0x00000006c9e00000, 0x000000076ab00000)
  object space 161792K, 52% used [0x00000006c0000000,0x00000006c52b0638,0x00000006c9e00000)
 Metaspace       used 6496K, capacity 7320K, committed 7680K, reserved 1056768K
  class space    used 621K, capacity 656K, committed 768K, reserved 1048576K
}
Event: 10.696 GC heap before
{Heap before GC invocations=10 (full 1):
 PSYoungGen      total 391168K, used 390895K [0x000000076ab00000, 0x000000078e500000, 0x00000007c0000000)
  eden space 355840K, 100% used [0x000000076ab00000,0x0000000780680000,0x0000000780680000)
  from space 35328K, 99% used [0x000000078c280000,0x000000078e4bbdf8,0x000000078e500000)
  to   space 53760K, 0% used [0x0000000787c00000,0x0000000787c00000,0x000000078b080000)
 ParOldGen       total 161792K, used 84673K [0x00000006c0000000, 0x00000006c9e00000, 0x000000076ab00000)
  object space 161792K, 52% used [0x00000006c0000000,0x00000006c52b0638,0x00000006c9e00000)
 Metaspace       used 6518K, capacity 7320K, committed 7680K, reserved 1056768K
  class space    used 622K, capacity 656K, committed 768K, reserved 1048576K
Event: 10.979 GC heap after
Heap after GC invocations=10 (full 1):
 PSYoungGen      total 514048K, used 53743K [0x000000076ab00000, 0x0000000790180000, 0x00000007c0000000)
  eden space 460288K, 0% used [0x000000076ab00000,0x000000076ab00000,0x0000000786c80000)
  from space 53760K, 99% used [0x0000000787c00000,0x000000078b07bcc8,0x000000078b080000)
  to   space 76288K, 0% used [0x000000078b700000,0x000000078b700000,0x0000000790180000)
 ParOldGen       total 161792K, used 115718K [0x00000006c0000000, 0x00000006c9e00000, 0x000000076ab00000)
  object space 161792K, 71% used [0x00000006c0000000,0x00000006c71018b8,0x00000006c9e00000)
 Metaspace       used 6518K, capacity 7320K, committed 7680K, reserved 1056768K
  class space    used 622K, capacity 656K, committed 768K, reserved 1048576K
}
Event: 13.069 GC heap before
{Heap before GC invocations=11 (full 1):
 PSYoungGen      total 514048K, used 514031K [0x000000076ab00000, 0x0000000790180000, 0x00000007c0000000)
  eden space 460288K, 100% used [0x000000076ab00000,0x0000000786c80000,0x0000000786c80000)
  from space 53760K, 99% used [0x0000000787c00000,0x000000078b07bcc8,0x000000078b080000)
  to   space 76288K, 0% used [0x000000078b700000,0x000000078b700000,0x0000000790180000)
 ParOldGen       total 161792K, used 115718K [0x00000006c0000000, 0x00000006c9e00000, 0x000000076ab00000)
  object space 161792K, 71% used [0x00000006c0000000,0x00000006c71018b8,0x00000006c9e00000)
 Metaspace       used 6541K, capacity 7320K, committed 7680K, reserved 1056768K
  class space    used 623K, capacity 656K, committed 768K, reserved 1048576K

