# JRE version: Java(TM) SE Runtime Environment (8.0_112-b15) (build 1.8.0_112-b15)
# Java VM: Java HotSpot(TM) 64-Bit Server VM (25.112-b15 mixed mode linux-amd64 compressed oops)
Heap:
 PSYoungGen      total 548352K, used 65505K [0x000000076ab00000, 0x0000000791200000, 0x00000007c0000000)
  eden space 482816K, 0% used [0x000000076ab00000,0x000000076ab00000,0x0000000788280000)
  from space 65536K, 99% used [0x0000000788280000,0x000000078c2786c0,0x000000078c280000)
  to   space 49664K, 0% used [0x000000078c280000,0x000000078c280000,0x000000078f300000)
 ParOldGen       total 158720K, used 123473K [0x00000006c0000000, 0x00000006c9b00000, 0x000000076ab00000)
  object space 158720K, 77% used [0x00000006c0000000,0x00000006c78945c8,0x00000006c9b00000)
 Metaspace       used 6521K, capacity 7320K, committed 7680K, reserved 1056768K
  class space    used 622K, capacity 656K, committed 768K, reserved 1048576K
GC Heap History (10 events):
Event: 3.295 GC heap after
Heap after GC invocations=5 (full 0):
 PSYoungGen      total 132096K, used 5110K [0x000000076ab00000, 0x000000077d500000, 0x00000007c0000000)
  eden space 126976K, 0% used [0x000000076ab00000,0x000000076ab00000,0x0000000772700000)
  from space 5120K, 99% used [0x0000000772700000,0x0000000772bfd9a0,0x0000000772c00000)
  to   space 25600K, 0% used [0x000000077bc00000,0x000000077bc00000,0x000000077d500000)
 ParOldGen       total 84992K, used 31371K [0x00000006c0000000, 0x00000006c5300000, 0x000000076ab00000)
  object space 84992K, 36% used [0x00000006c0000000,0x00000006c1ea2d90,0x00000006c5300000)
 Metaspace       used 6188K, capacity 7064K, committed 7424K, reserved 1056768K
  class space    used 620K, capacity 656K, committed 768K, reserved 1048576K
}
Event: 4.013 GC heap before
{Heap before GC invocations=6 (full 0):
 PSYoungGen      total 132096K, used 132086K [0x000000076ab00000, 0x000000077d500000, 0x00000007c0000000)
  eden space 126976K, 100% used [0x000000076ab00000,0x0000000772700000,0x0000000772700000)
  from space 5120K, 99% used [0x0000000772700000,0x0000000772bfd9a0,0x0000000772c00000)
  to   space 25600K, 0% used [0x000000077bc00000,0x000000077bc00000,0x000000077d500000)
 ParOldGen       total 84992K, used 31371K [0x00000006c0000000, 0x00000006c5300000, 0x000000076ab00000)
  object space 84992K, 36% used [0x00000006c0000000,0x00000006c1ea2d90,0x00000006c5300000)
 Metaspace       used 6335K, capacity 7192K, committed 7424K, reserved 1056768K
  class space    used 620K, capacity 656K, committed 768K, reserved 1048576K
Event: 4.116 GC heap after
Heap after GC invocations=6 (full 0):
 PSYoungGen      total 274944K, used 23096K [0x000000076ab00000, 0x000000077de00000, 0x00000007c0000000)
  eden space 249344K, 0% used [0x000000076ab00000,0x000000076ab00000,0x0000000779e80000)
  from space 25600K, 90% used [0x000000077bc00000,0x000000077d28e118,0x000000077d500000)
  to   space 30208K, 0% used [0x0000000779e80000,0x0000000779e80000,0x000000077bc00000)
 ParOldGen       total 84992K, used 31371K [0x00000006c0000000, 0x00000006c5300000, 0x000000076ab00000)
  object space 84992K, 36% used [0x00000006c0000000,0x00000006c1ea2d90,0x00000006c5300000)
 Metaspace       used 6335K, capacity 7192K, committed 7424K, reserved 1056768K
  class space    used 620K, capacity 656K, committed 768K, reserved 1048576K
}
Event: 5.541 GC heap before
{Heap before GC invocations=7 (full 0):
 PSYoungGen      total 274944K, used 272440K [0x000000076ab00000, 0x000000077de00000, 0x00000007c0000000)
  eden space 249344K, 100% used [0x000000076ab00000,0x0000000779e80000,0x0000000779e80000)
  from space 25600K, 90% used [0x000000077bc00000,0x000000077d28e118,0x000000077d500000)
  to   space 30208K, 0% used [0x0000000779e80000,0x0000000779e80000,0x000000077bc00000)
 ParOldGen       total 84992K, used 31371K [0x00000006c0000000, 0x00000006c5300000, 0x000000076ab00000)
  object space 84992K, 36% used [0x00000006c0000000,0x00000006c1ea2d90,0x00000006c5300000)
 Metaspace       used 6465K, capacity 7256K, committed 7424K, reserved 1056768K
  class space    used 621K, capacity 656K, committed 768K, reserved 1048576K
Event: 5.679 GC heap after
Heap after GC invocations=7 (full 0):
 PSYoungGen      total 279552K, used 30184K [0x000000076ab00000, 0x000000078f300000, 0x00000007c0000000)
  eden space 249344K, 0% used [0x000000076ab00000,0x000000076ab00000,0x0000000779e80000)
  from space 30208K, 99% used [0x0000000779e80000,0x000000077bbfa278,0x000000077bc00000)
  to   space 49664K, 0% used [0x000000078c280000,0x000000078c280000,0x000000078f300000)
 ParOldGen       total 84992K, used 57575K [0x00000006c0000000, 0x00000006c5300000, 0x000000076ab00000)
  object space 84992K, 67% used [0x00000006c0000000,0x00000006c3839c28,0x00000006c5300000)
 Metaspace       used 6465K, capacity 7256K, committed 7424K, reserved 1056768K
  class space    used 621K, capacity 656K, committed 768K, reserved 1048576K
}
Event: 7.005 GC heap before
{Heap before GC invocations=8 (full 0):
 PSYoungGen      total 279552K, used 279528K [0x000000076ab00000, 0x000000078f300000, 0x00000007c0000000)
  eden space 249344K, 100% used [0x000000076ab00000,0x0000000779e80000,0x0000000779e80000)
  from space 30208K, 99% used [0x0000000779e80000,0x000000077bbfa278,0x000000077bc00000)
  to   space 49664K, 0% used [0x000000078c280000,0x000000078c280000,0x000000078f300000)
 ParOldGen       total 84992K, used 57575K [0x00000006c0000000, 0x00000006c5300000, 0x000000076ab00000)
  object space 84992K, 67% used [0x00000006c0000000,0x00000006c3839c28,0x00000006c5300000)
 Metaspace       used 6494K, capacity 7320K, committed 7680K, reserved 1056768K
  class space    used 621K, capacity 656K, committed 768K, reserved 1048576K
Event: 7.210 GC heap after
Heap after GC invocations=8 (full 0):
 PSYoungGen      total 532480K, used 49633K [0x000000076ab00000, 0x0000000791200000, 0x00000007c0000000)
  eden space 482816K, 0% used [0x000000076ab00000,0x000000076ab00000,0x0000000788280000)
  from space 49664K, 99% used [0x000000078c280000,0x000000078f2f8700,0x000000078f300000)
  to   space 65536K, 0% used [0x0000000788280000,0x0000000788280000,0x000000078c280000)
 ParOldGen       total 84992K, used 71585K [0x00000006c0000000, 0x00000006c5300000, 0x000000076ab00000)
  object space 84992K, 84% used [0x00000006c0000000,0x00000006c45e8508,0x00000006c5300000)
 Metaspace       used 6494K, capacity 7320K, committed 7680K, reserved 1056768K
  class space    used 621K, capacity 656K, committed 768K, reserved 1048576K
}
Event: 7.210 GC heap before
{Heap before GC invocations=9 (full 1):
 PSYoungGen      total 532480K, used 49633K [0x000000076ab00000, 0x0000000791200000, 0x00000007c0000000)
  eden space 482816K, 0% used [0x000000076ab00000,0x000000076ab00000,0x0000000788280000)
  from space 49664K, 99% used [0x000000078c280000,0x000000078f2f8700,0x000000078f300000)
  to   space 65536K, 0% used [0x0000000788280000,0x0000000788280000,0x000000078c280000)
 ParOldGen       total 84992K, used 71585K [0x00000006c0000000, 0x00000006c5300000, 0x000000076ab00000)
  object space 84992K, 84% used [0x00000006c0000000,0x00000006c45e8508,0x00000006c5300000)
 Metaspace       used 6494K, capacity 7320K, committed 7680K, reserved 1056768K
  class space    used 621K, capacity 656K, committed 768K, reserved 1048576K
Event: 7.925 GC heap after
Heap after GC invocations=9 (full 1):
 PSYoungGen      total 532480K, used 32633K [0x000000076ab00000, 0x0000000791200000, 0x00000007c0000000)
  eden space 482816K, 0% used [0x000000076ab00000,0x000000076ab00000,0x0000000788280000)
  from space 49664K, 65% used [0x000000078c280000,0x000000078e25e570,0x000000078f300000)
  to   space 65536K, 0% used [0x0000000788280000,0x0000000788280000,0x000000078c280000)
 ParOldGen       total 158720K, used 84636K [0x00000006c0000000, 0x00000006c9b00000, 0x000000076ab00000)
  object space 158720K, 53% used [0x00000006c0000000,0x00000006c52a7138,0x00000006c9b00000)
 Metaspace       used 6494K, capacity 7320K, committed 7680K, reserved 1056768K
  class space    used 621K, capacity 656K, committed 768K, reserved 1048576K
}
Event: 10.246 GC heap before
{Heap before GC invocations=10 (full 1):
 PSYoungGen      total 532480K, used 515449K [0x000000076ab00000, 0x0000000791200000, 0x00000007c0000000)
  eden space 482816K, 100% used [0x000000076ab00000,0x0000000788280000,0x0000000788280000)
  from space 49664K, 65% used [0x000000078c280000,0x000000078e25e570,0x000000078f300000)
  to   space 65536K, 0% used [0x0000000788280000,0x0000000788280000,0x000000078c280000)
 ParOldGen       total 158720K, used 84636K [0x00000006c0000000, 0x00000006c9b00000, 0x000000076ab00000)
  object space 158720K, 53% used [0x00000006c0000000,0x00000006c52a7138,0x00000006c9b00000)
 Metaspace       used 6521K, capacity 7320K, committed 7680K, reserved 1056768K
  class space    used 622K, capacity 656K, committed 768K, reserved 1048576K

