# JRE version: Java(TM) SE Runtime Environment (8.0_112-b15) (build 1.8.0_112-b15)
# Java VM: Java HotSpot(TM) 64-Bit Server VM (25.112-b15 mixed mode linux-amd64 compressed oops)
Heap:
 PSYoungGen      total 699392K, used 77546K [0x000000076ab00000, 0x00000007a1000000, 0x00000007c0000000)
  eden space 607744K, 0% used [0x000000076ab00000,0x000000076ab00000,0x000000078fc80000)
  from space 91648K, 84% used [0x0000000797100000,0x000000079bcbab70,0x000000079ca80000)
  to   space 119296K, 0% used [0x000000078fc80000,0x000000078fc80000,0x0000000797100000)
 ParOldGen       total 157696K, used 157369K [0x00000006c0000000, 0x00000006c9a00000, 0x000000076ab00000)
  object space 157696K, 99% used [0x00000006c0000000,0x00000006c99ae5c0,0x00000006c9a00000)
 Metaspace       used 6539K, capacity 7320K, committed 7680K, reserved 1056768K
  class space    used 621K, capacity 656K, committed 768K, reserved 1048576K
GC Heap History (10 events):
Event: 7.069 GC heap after
Heap after GC invocations=7 (full 0):
 PSYoungGen      total 279040K, used 30199K [0x000000076ab00000, 0x000000078f200000, 0x00000007c0000000)
  eden space 248832K, 0% used [0x000000076ab00000,0x000000076ab00000,0x0000000779e00000)
  from space 30208K, 99% used [0x0000000779e00000,0x000000077bb7dca8,0x000000077bb80000)
  to   space 49664K, 0% used [0x000000078c180000,0x000000078c180000,0x000000078f200000)
 ParOldGen       total 84992K, used 56612K [0x00000006c0000000, 0x00000006c5300000, 0x000000076ab00000)
  object space 84992K, 66% used [0x00000006c0000000,0x00000006c3749208,0x00000006c5300000)
 Metaspace       used 6466K, capacity 7256K, committed 7424K, reserved 1056768K
  class space    used 619K, capacity 656K, committed 768K, reserved 1048576K
}
Event: 8.070 GC heap before
{Heap before GC invocations=8 (full 0):
 PSYoungGen      total 279040K, used 279031K [0x000000076ab00000, 0x000000078f200000, 0x00000007c0000000)
  eden space 248832K, 100% used [0x000000076ab00000,0x0000000779e00000,0x0000000779e00000)
  from space 30208K, 99% used [0x0000000779e00000,0x000000077bb7dca8,0x000000077bb80000)
  to   space 49664K, 0% used [0x000000078c180000,0x000000078c180000,0x000000078f200000)
 ParOldGen       total 84992K, used 56612K [0x00000006c0000000, 0x00000006c5300000, 0x000000076ab00000)
  object space 84992K, 66% used [0x00000006c0000000,0x00000006c3749208,0x00000006c5300000)
 Metaspace       used 6496K, capacity 7320K, committed 7680K, reserved 1056768K
  class space    used 620K, capacity 656K, committed 768K, reserved 1048576K
Event: 8.283 GC heap after
Heap after GC invocations=8 (full 0):
 PSYoungGen      total 531456K, used 49644K [0x000000076ab00000, 0x0000000791100000, 0x00000007c0000000)
  eden space 481792K, 0% used [0x000000076ab00000,0x000000076ab00000,0x0000000788180000)
  from space 49664K, 99% used [0x000000078c180000,0x000000078f1fb290,0x000000078f200000)
  to   space 65536K, 0% used [0x0000000788180000,0x0000000788180000,0x000000078c180000)
 ParOldGen       total 84992K, used 71074K [0x00000006c0000000, 0x00000006c5300000, 0x000000076ab00000)
  object space 84992K, 83% used [0x00000006c0000000,0x00000006c4568990,0x00000006c5300000)
 Metaspace       used 6496K, capacity 7320K, committed 7680K, reserved 1056768K
  class space    used 620K, capacity 656K, committed 768K, reserved 1048576K
}
Event: 8.283 GC heap before
{Heap before GC invocations=9 (full 1):
 PSYoungGen      total 531456K, used 49644K [0x000000076ab00000, 0x0000000791100000, 0x00000007c0000000)
  eden space 481792K, 0% used [0x000000076ab00000,0x000000076ab00000,0x0000000788180000)
  from space 49664K, 99% used [0x000000078c180000,0x000000078f1fb290,0x000000078f200000)
  to   space 65536K, 0% used [0x0000000788180000,0x0000000788180000,0x000000078c180000)
 ParOldGen       total 84992K, used 71074K [0x00000006c0000000, 0x00000006c5300000, 0x000000076ab00000)
  object space 84992K, 83% used [0x00000006c0000000,0x00000006c4568990,0x00000006c5300000)
 Metaspace       used 6496K, capacity 7320K, committed 7680K, reserved 1056768K
  class space    used 620K, capacity 656K, committed 768K, reserved 1048576K
Event: 9.271 GC heap after
Heap after GC invocations=9 (full 1):
 PSYoungGen      total 531456K, used 31117K [0x000000076ab00000, 0x0000000791100000, 0x00000007c0000000)
  eden space 481792K, 0% used [0x000000076ab00000,0x000000076ab00000,0x0000000788180000)
  from space 49664K, 62% used [0x000000078c180000,0x000000078dfe34a0,0x000000078f200000)
  to   space 65536K, 0% used [0x0000000788180000,0x0000000788180000,0x000000078c180000)
 ParOldGen       total 157696K, used 84810K [0x00000006c0000000, 0x00000006c9a00000, 0x000000076ab00000)
  object space 157696K, 53% used [0x00000006c0000000,0x00000006c52d29e0,0x00000006c9a00000)
 Metaspace       used 6496K, capacity 7320K, committed 7680K, reserved 1056768K
  class space    used 620K, capacity 656K, committed 768K, reserved 1048576K
}
Event: 11.850 GC heap before
{Heap before GC invocations=10 (full 1):
 PSYoungGen      total 531456K, used 512909K [0x000000076ab00000, 0x0000000791100000, 0x00000007c0000000)
  eden space 481792K, 100% used [0x000000076ab00000,0x0000000788180000,0x0000000788180000)
  from space 49664K, 62% used [0x000000078c180000,0x000000078dfe34a0,0x000000078f200000)
  to   space 65536K, 0% used [0x0000000788180000,0x0000000788180000,0x000000078c180000)
 ParOldGen       total 157696K, used 84810K [0x00000006c0000000, 0x00000006c9a00000, 0x000000076ab00000)
  object space 157696K, 53% used [0x00000006c0000000,0x00000006c52d29e0,0x00000006c9a00000)
 Metaspace       used 6523K, capacity 7320K, committed 7680K, reserved 1056768K
  class space    used 621K, capacity 656K, committed 768K, reserved 1048576K
Event: 12.177 GC heap after
Heap after GC invocations=10 (full 1):
 PSYoungGen      total 547328K, used 65510K [0x000000076ab00000, 0x000000079ca80000, 0x00000007c0000000)
  eden space 481792K, 0% used [0x000000076ab00000,0x000000076ab00000,0x0000000788180000)
  from space 65536K, 99% used [0x0000000788180000,0x000000078c179810,0x000000078c180000)
  to   space 91648K, 0% used [0x0000000797100000,0x0000000797100000,0x000000079ca80000)
 ParOldGen       total 157696K, used 119426K [0x00000006c0000000, 0x00000006c9a00000, 0x000000076ab00000)
  object space 157696K, 75% used [0x00000006c0000000,0x00000006c74a0ae0,0x00000006c9a00000)
 Metaspace       used 6523K, capacity 7320K, committed 7680K, reserved 1056768K
  class space    used 621K, capacity 656K, committed 768K, reserved 1048576K
}
Event: 14.008 GC heap before
{Heap before GC invocations=11 (full 1):
 PSYoungGen      total 547328K, used 547302K [0x000000076ab00000, 0x000000079ca80000, 0x00000007c0000000)
  eden space 481792K, 100% used [0x000000076ab00000,0x0000000788180000,0x0000000788180000)
  from space 65536K, 99% used [0x0000000788180000,0x000000078c179810,0x000000078c180000)
  to   space 91648K, 0% used [0x0000000797100000,0x0000000797100000,0x000000079ca80000)
 ParOldGen       total 157696K, used 119426K [0x00000006c0000000, 0x00000006c9a00000, 0x000000076ab00000)
  object space 157696K, 75% used [0x00000006c0000000,0x00000006c74a0ae0,0x00000006c9a00000)
 Metaspace       used 6539K, capacity 7320K, committed 7680K, reserved 1056768K
  class space    used 621K, capacity 656K, committed 768K, reserved 1048576K
Event: 14.589 GC heap after
Heap after GC invocations=11 (full 1):
 PSYoungGen      total 699392K, used 91637K [0x000000076ab00000, 0x00000007a1000000, 0x00000007c0000000)
  eden space 607744K, 0% used [0x000000076ab00000,0x000000076ab00000,0x000000078fc80000)
  from space 91648K, 99% used [0x0000000797100000,0x000000079ca7d7e8,0x000000079ca80000)
  to   space 119296K, 0% used [0x000000078fc80000,0x000000078fc80000,0x0000000797100000)
 ParOldGen       total 157696K, used 150858K [0x00000006c0000000, 0x00000006c9a00000, 0x000000076ab00000)
  object space 157696K, 95% used [0x00000006c0000000,0x00000006c9352840,0x00000006c9a00000)
 Metaspace       used 6539K, capacity 7320K, committed 7680K, reserved 1056768K
  class space    used 621K, capacity 656K, committed 768K, reserved 1048576K
}
Event: 14.589 GC heap before
{Heap before GC invocations=12 (full 2):
 PSYoungGen      total 699392K, used 91637K [0x000000076ab00000, 0x00000007a1000000, 0x00000007c0000000)
  eden space 607744K, 0% used [0x000000076ab00000,0x000000076ab00000,0x000000078fc80000)
  from space 91648K, 99% used [0x0000000797100000,0x000000079ca7d7e8,0x000000079ca80000)
  to   space 119296K, 0% used [0x000000078fc80000,0x000000078fc80000,0x0000000797100000)
 ParOldGen       total 157696K, used 150858K [0x00000006c0000000, 0x00000006c9a00000, 0x000000076ab00000)
  object space 157696K, 95% used [0x00000006c0000000,0x00000006c9352840,0x00000006c9a00000)
 Metaspace       used 6539K, capacity 7320K, committed 7680K, reserved 1056768K
  class space    used 621K, capacity 656K, committed 768K, reserved 1048576K

